Resuming — 250 puzzles already scraped.

✓ 5×5 1★ Normal: already have 50
✓ 6×6 1★ Normal: already have 50
✓ 6×6 1★ Hard: already have 50
✓ 8×8 1★ Normal: already have 50
✓ 8×8 1★ Hard: already have 50

── 10×10 2★ Normal (0/50) ──
[DIAG] first cells: [
  {
    "class": "brd",
    "data": {},
    "bg": "rgba(0, 0, 0, 0)",
    "style": "",
    "html": "<td class=\"brd\"><div id=\"rel\"><div id=\"scene\" mvvm-class=\"animate-transitions:Settings.get('global.animate-transitions')"
  }
]
[DIAG] JS string globals: {
  "STATE_SYNC_FRONTEND": "puzzle-loop",
  "hiddenPropertyName": "webkitHidden",
  "visibilityEventName": "webkitvisibilitychange",
  "google_analytics_uacct": "UA-113709-22",
  "as_window_id": "wkNUZVzwqEFChp",
  "as_version": "release-e9cac06",
  "as_pvid": "QCGr7D5i5TeYiXfwTH4_I"
}
[DIAG] page links: [
  {
    "text": "Star Battle",
    "href": "/"
  },
  {
    "text": "",
    "href": "//bg.puzzle-star-battle.com"
  },
  {
    "text": "",
    "href": "//ru.puzzle-star-battle.com"
  },
  {
    "text": "",
    "href": "//pl.puzzle-star-battle.com"
  },
  {
    "text": "",
    "href": "//ja.puzzle-star-battle.com"
  },
  {
    "text": "",
    "href": "//it.puzzle-star-battle.com"
  },
  {
    "text": "",
    "href": "//es.puzzle-star-battle.com"
  },
  {
    "text": "",
    "href": "//zh.puzzle-star-battle.com"
  },
  {
    "text": "",
    "href": "//cn.puzzle-star-battle.com"
  },
  {
    "text": "",
    "href": "//de.puzzle-star-battle.com"
  },
  {
    "text": "",
    "href": "//fr.puzzle-star-battle.com"
  },
  {
    "text": "",
    "href": "//nl.puzzle-star-battle.com"
  },
  {
    "text": "",
    "href": "//tr.puzzle-star-battle.com"
  },
  {
    "text": "",
    "href": "//cz.puzzle-star-battle.com"
  },
  {
    "text": "",
    "href": "//ko.puzzle-star-battle.com"
  },
  {
    "text": "",
    "href": "//sr.puzzle-star-battle.com"
  },
  {
    "text": "",
    "href": "//si.puzzle-star-battle.com"
  },
  {
    "text": "",
    "href": "//br.puzzle-star-battle.com"
  },
  {
    "text": "",
    "href": "//pt.puzzle-star-battle.com"
  },
  {
    "text": "",
    "href": "//sv.puzzle-star-battle.com"
  },
  {
    "text": "Translate this site.",
    "href": "/translate.php"
  },
  {
    "text": "Video Tutorial",
    "href": "https://www.youtube.com/embed/videoseries?list=PLH_elo2OIwaAwRyitFVYF6bNKuRpAc_03"
  },
  {
    "text": "Hide the rules",
    "href": "#"
  },
  {
    "text": "Show the rules",
    "href": "#"
  },
  {
    "text": "5x5/1★ Normal Star Battle",
    "href": "/"
  },
  {
    "text": "6x6/1★ Normal Star Battle",
    "href": "/?size=1"
  },
  {
    "text": "6x6/1★ Hard Star Battle",
    "href": "/?size=2"
  },
  {
    "text": "8x8/1★ Normal Star Battle",
    "href": "/?size=3"
  },
  {
    "text": "8x8/1★ Hard Star Battle",
    "href": "/?size=4"
  },
  {
    "text": "10x10/2★ Normal Star Battle",
    "href": "/?size=5"
  }
]
[DIAG] used: task var
  [1/50] id=14660328  regions=10
  [2/50] id=14660329  regions=10
  [3/50] id=14660330  regions=10
  [4/50] id=14660331  regions=10
  [5/50] id=14660332  regions=10
  [6/50] id=14660333  regions=10
  [7/50] id=14660334  regions=10
  [8/50] id=14660335  regions=10
  [9/50] id=14660336  regions=10
  [10/50] id=14660337  regions=10
  [11/50] id=14660338  regions=10
  [12/50] id=14660339  regions=10
  [13/50] id=14660340  regions=10
  [14/50] id=14660341  regions=10
  [15/50] id=14660342  regions=10
  [16/50] id=14660343  regions=10
  [17/50] id=14660344  regions=10
  [18/50] id=14660345  regions=10
  [19/50] id=14660346  regions=10
  [20/50] id=14660347  regions=10
  [21/50] id=14660348  regions=10
  [22/50] id=14660349  regions=10
  [23/50] id=14660350  regions=10
  [24/50] id=14660351  regions=10
  [25/50] id=14660352  regions=10
  [26/50] id=14660353  regions=10
  [27/50] id=14660354  regions=10
  [28/50] id=14660355  regions=10
  [29/50] id=14660356  regions=10
  [30/50] id=14660357  regions=10
  [31/50] id=14660358  regions=10
  [32/50] id=14660359  regions=10
  [33/50] id=14660360  regions=10
  [34/50] id=14660361  regions=10
  [35/50] id=14660362  regions=10
  [36/50] id=14660363  regions=10
  [37/50] id=14660364  regions=10
  [38/50] id=14660365  regions=10
  [39/50] id=14660366  regions=10
  [40/50] id=14660367  regions=10
  [41/50] id=14660368  regions=10
  [42/50] id=14660369  regions=10
  [43/50] id=14660370  regions=10
  [44/50] id=14660371  regions=10
  [45/50] id=14660372  regions=10
  [46/50] id=14660373  regions=10
  [47/50] id=14660374  regions=10
  [48/50] id=14660375  regions=10
  [49/50] id=14660376  regions=10
  [50/50] id=14660377  regions=10

── 10×10 2★ Hard (0/50) ──
  [1/50] id=553747  regions=10
  [2/50] id=553748  regions=10
  [3/50] id=553749  regions=10
  [4/50] id=553750  regions=10
  [5/50] id=553751  regions=10
  [6/50] id=553752  regions=10
  [7/50] id=553753  regions=10
  [8/50] id=553754  regions=10
  [9/50] id=553755  regions=10
  [10/50] id=553756  regions=10
  [11/50] id=553757  regions=10
  [12/50] id=553758  regions=10
  [13/50] id=553759  regions=10
  [14/50] id=553760  regions=10
  [15/50] id=553761  regions=10
  [16/50] id=553762  regions=10
  [17/50] id=553763  regions=10
  [18/50] id=553764  regions=10
  [19/50] id=553765  regions=10
  [20/50] id=553766  regions=10
  [21/50] id=553767  regions=10
  [22/50] id=553768  regions=10
  [23/50] id=553769  regions=10
  [24/50] id=553770  regions=10
  [25/50] id=553771  regions=10
  [26/50] id=553772  regions=10
  [27/50] id=553773  regions=10
  [28/50] id=553774  regions=10
  [29/50] id=553775  regions=10
  [30/50] id=553776  regions=10
  [31/50] id=553777  regions=10
  [32/50] id=553778  regions=10
  [33/50] id=553779  regions=10
  [34/50] id=553780  regions=10
  [35/50] id=553781  regions=10
  [36/50] id=553782  regions=10
  [37/50] id=553783  regions=10
  [38/50] id=553784  regions=10
  [39/50] id=553785  regions=10
  [40/50] id=553786  regions=10
  [41/50] id=553787  regions=10
  [42/50] id=553788  regions=10
  [43/50] id=553789  regions=10
  [44/50] id=553790  regions=10
  [45/50] id=553791  regions=10
  [46/50] id=553792  regions=10
  [47/50] id=553793  regions=10
  [48/50] id=553794  regions=10
  [49/50] id=553795  regions=10
  [50/50] id=553796  regions=10

── 14×14 3★ Normal (0/50) ──
  [1/50] id=19711335  regions=14
  [2/50] id=19711336  regions=14
  [3/50] id=19711337  regions=14
  [4/50] id=19711338  regions=14
  [5/50] id=19711339  regions=14
  [6/50] id=19711340  regions=14
  [7/50] id=19711341  regions=14
  [8/50] id=19711342  regions=14
  [9/50] id=19711343  regions=14
  [10/50] id=19711344  regions=14
  [11/50] id=19711345  regions=14
  [12/50] id=19711346  regions=14
  [13/50] id=19711347  regions=14
  [14/50] id=19711348  regions=14
  [15/50] id=19711349  regions=14
  [16/50] id=19711350  regions=14
  [17/50] id=19711351  regions=14
  [18/50] id=19711352  regions=14
  [19/50] id=19711353  regions=14
  [20/50] id=19711354  regions=14
  [21/50] id=19711355  regions=14
  [22/50] id=19711356  regions=14
  [23/50] id=19711357  regions=14
  [24/50] id=19711358  regions=14
  [25/50] id=19711359  regions=14
  [26/50] id=19711360  regions=14
  [27/50] id=19711361  regions=14
  [28/50] id=19711362  regions=14
  [29/50] id=19711363  regions=14
  [30/50] id=19711364  regions=14
  [31/50] id=19711365  regions=14
  [32/50] id=19711366  regions=14
  [33/50] id=19711367  regions=14
  [34/50] id=19711368  regions=14
  [35/50] id=19711369  regions=14
  [36/50] id=19711370  regions=14
  [37/50] id=19711371  regions=14
  [38/50] id=19711372  regions=14
  [39/50] id=19711373  regions=14
  [40/50] id=19711374  regions=14
  [41/50] id=19711375  regions=14
  [42/50] id=19711376  regions=14
  [43/50] id=19711377  regions=14
  [44/50] id=19711378  regions=14
  [45/50] id=19711379  regions=14
  [46/50] id=19711380  regions=14
  [47/50] id=19711381  regions=14
  [48/50] id=19711382  regions=14
  [49/50] id=19711383  regions=14
  [50/50] id=19711384  regions=14

── 14×14 3★ Hard (0/50) ──
  [1/50] id=376621  regions=14
  [2/50] id=376622  regions=14
  [3/50] id=376623  regions=14
  [4/50] id=376624  regions=14
  [5/50] id=376625  regions=14
  [6/50] id=376626  regions=14
  [7/50] id=376627  regions=14
  [8/50] id=376628  regions=14
  [9/50] id=376629  regions=14
  [10/50] id=376630  regions=14
  [11/50] id=376631  regions=14
  [12/50] id=376632  regions=14
  [13/50] id=376633  regions=14
  [14/50] id=376634  regions=14
  [15/50] id=376635  regions=14
  [16/50] id=376636  regions=14
  [17/50] id=376637  regions=14
  [18/50] id=376638  regions=14
  [19/50] id=376639  regions=14
  [20/50] id=376640  regions=14
  [21/50] id=376641  regions=14
  [22/50] id=376642  regions=14
  [23/50] id=376643  regions=14
  [24/50] id=376644  regions=14
  [25/50] id=376645  regions=14
  [26/50] id=376646  regions=14
  [27/50] id=376647  regions=14
  [28/50] id=376648  regions=14
  [29/50] id=376649  regions=14
  [30/50] id=376650  regions=14
  [31/50] id=376651  regions=14
  [32/50] id=376652  regions=14
  [33/50] id=376653  regions=14
  [34/50] id=376654  regions=14
  [35/50] id=376655  regions=14
  [36/50] id=376656  regions=14
  [37/50] id=376657  regions=14
  [38/50] id=376658  regions=14
  [39/50] id=376659  regions=14
  [40/50] id=376660  regions=14
  [41/50] id=376661  regions=14
  [42/50] id=376662  regions=14
  [43/50] id=376663  regions=14
  [44/50] id=376664  regions=14
  [45/50] id=376665  regions=14
  [46/50] id=376666  regions=14
  [47/50] id=376667  regions=14
  [48/50] id=376668  regions=14
  [49/50] id=376669  regions=14
  [50/50] id=376670  regions=14

✅  450 puzzles → C:\Users\Marcus\Documents\stopthrowingrocks.github.io\content\starbattle\levels.json
